Build started 22/11/2016 12:53:54.
     1>Project "U:\Alister Hartwell AGP\Alister Hartwell AGP Unit\Alister Hartwell AGP Unit.vcxproj" on node 2 (Build target(s)).
     1>ClCompile:
         C:\Program Files (x86)\Microsoft Visual Studio 14.0\VC\bin\CL.exe /c /ZI /nologo /W3 /WX- /sdl /Od /Oy- /D _MBCS /Gm /EHsc /RTC1 /MDd /GS /fp:precise /Zc:wchar_t /Zc:forScope /Zc:inline /Fo"Debug\\" /Fd"Debug\vc140.pdb" /Gd /TP /analyze- /errorReport:prompt main.cpp
         main.cpp
     1>c:\program files (x86)\microsoft directx sdk (june 2010)\include\dxgitype.h(12): warning C4005: 'DXGI_STATUS_OCCLUDED': macro redefinition
         c:\program files (x86)\windows kits\8.1\include\shared\winerror.h(50002): note: see previous definition of 'DXGI_STATUS_OCCLUDED'
     1>c:\program files (x86)\microsoft directx sdk (june 2010)\include\dxgitype.h(13): warning C4005: 'DXGI_STATUS_CLIPPED': macro redefinition
         c:\program files (x86)\windows kits\8.1\include\shared\winerror.h(50011): note: see previous definition of 'DXGI_STATUS_CLIPPED'
     1>c:\program files (x86)\microsoft directx sdk (june 2010)\include\dxgitype.h(14): warning C4005: 'DXGI_STATUS_NO_REDIRECTION': macro redefinition
         c:\program files (x86)\windows kits\8.1\include\shared\winerror.h(50020): note: see previous definition of 'DXGI_STATUS_NO_REDIRECTION'
     1>c:\program files (x86)\microsoft directx sdk (june 2010)\include\dxgitype.h(15): warning C4005: 'DXGI_STATUS_NO_DESKTOP_ACCESS': macro redefinition
         c:\program files (x86)\windows kits\8.1\include\shared\winerror.h(50029): note: see previous definition of 'DXGI_STATUS_NO_DESKTOP_ACCESS'
     1>c:\program files (x86)\microsoft directx sdk (june 2010)\include\dxgitype.h(16): warning C4005: 'DXGI_STATUS_GRAPHICS_VIDPN_SOURCE_IN_USE': macro redefinition
         c:\program files (x86)\windows kits\8.1\include\shared\winerror.h(50038): note: see previous definition of 'DXGI_STATUS_GRAPHICS_VIDPN_SOURCE_IN_USE'
     1>c:\program files (x86)\microsoft directx sdk (june 2010)\include\dxgitype.h(17): warning C4005: 'DXGI_STATUS_MODE_CHANGED': macro redefinition
         c:\program files (x86)\windows kits\8.1\include\shared\winerror.h(50047): note: see previous definition of 'DXGI_STATUS_MODE_CHANGED'
     1>c:\program files (x86)\microsoft directx sdk (june 2010)\include\dxgitype.h(18): warning C4005: 'DXGI_STATUS_MODE_CHANGE_IN_PROGRESS': macro redefinition
         c:\program files (x86)\windows kits\8.1\include\shared\winerror.h(50056): note: see previous definition of 'DXGI_STATUS_MODE_CHANGE_IN_PROGRESS'
     1>c:\program files (x86)\microsoft directx sdk (june 2010)\include\dxgitype.h(21): warning C4005: 'DXGI_ERROR_INVALID_CALL': macro redefinition
         c:\program files (x86)\windows kits\8.1\include\shared\winerror.h(50071): note: see previous definition of 'DXGI_ERROR_INVALID_CALL'
     1>c:\program files (x86)\microsoft directx sdk (june 2010)\include\dxgitype.h(22): warning C4005: 'DXGI_ERROR_NOT_FOUND': macro redefinition
         c:\program files (x86)\windows kits\8.1\include\shared\winerror.h(50080): note: see previous definition of 'DXGI_ERROR_NOT_FOUND'
     1>c:\program files (x86)\microsoft directx sdk (june 2010)\include\dxgitype.h(23): warning C4005: 'DXGI_ERROR_MORE_DATA': macro redefinition
         c:\program files (x86)\windows kits\8.1\include\shared\winerror.h(50089): note: see previous definition of 'DXGI_ERROR_MORE_DATA'
     1>c:\program files (x86)\microsoft directx sdk (june 2010)\include\dxgitype.h(24): warning C4005: 'DXGI_ERROR_UNSUPPORTED': macro redefinition
         c:\program files (x86)\windows kits\8.1\include\shared\winerror.h(50098): note: see previous definition of 'DXGI_ERROR_UNSUPPORTED'
     1>c:\program files (x86)\microsoft directx sdk (june 2010)\include\dxgitype.h(25): warning C4005: 'DXGI_ERROR_DEVICE_REMOVED': macro redefinition
         c:\program files (x86)\windows kits\8.1\include\shared\winerror.h(50107): note: see previous definition of 'DXGI_ERROR_DEVICE_REMOVED'
     1>c:\program files (x86)\microsoft directx sdk (june 2010)\include\dxgitype.h(26): warning C4005: 'DXGI_ERROR_DEVICE_HUNG': macro redefinition
         c:\program files (x86)\windows kits\8.1\include\shared\winerror.h(50116): note: see previous definition of 'DXGI_ERROR_DEVICE_HUNG'
     1>c:\program files (x86)\microsoft directx sdk (june 2010)\include\dxgitype.h(27): warning C4005: 'DXGI_ERROR_DEVICE_RESET': macro redefinition
         c:\program files (x86)\windows kits\8.1\include\shared\winerror.h(50126): note: see previous definition of 'DXGI_ERROR_DEVICE_RESET'
     1>c:\program files (x86)\microsoft directx sdk (june 2010)\include\dxgitype.h(28): warning C4005: 'DXGI_ERROR_WAS_STILL_DRAWING': macro redefinition
         c:\program files (x86)\windows kits\8.1\include\shared\winerror.h(50135): note: see previous definition of 'DXGI_ERROR_WAS_STILL_DRAWING'
     1>c:\program files (x86)\microsoft directx sdk (june 2010)\include\dxgitype.h(29): warning C4005: 'DXGI_ERROR_FRAME_STATISTICS_DISJOINT': macro redefinition
         c:\program files (x86)\windows kits\8.1\include\shared\winerror.h(50145): note: see previous definition of 'DXGI_ERROR_FRAME_STATISTICS_DISJOINT'
     1>c:\program files (x86)\microsoft directx sdk (june 2010)\include\dxgitype.h(30): warning C4005: 'DXGI_ERROR_GRAPHICS_VIDPN_SOURCE_IN_USE': macro redefinition
         c:\program files (x86)\windows kits\8.1\include\shared\winerror.h(50154): note: see previous definition of 'DXGI_ERROR_GRAPHICS_VIDPN_SOURCE_IN_USE'
     1>c:\program files (x86)\microsoft directx sdk (june 2010)\include\dxgitype.h(31): warning C4005: 'DXGI_ERROR_DRIVER_INTERNAL_ERROR': macro redefinition
         c:\program files (x86)\windows kits\8.1\include\shared\winerror.h(50164): note: see previous definition of 'DXGI_ERROR_DRIVER_INTERNAL_ERROR'
     1>c:\program files (x86)\microsoft directx sdk (june 2010)\include\dxgitype.h(32): warning C4005: 'DXGI_ERROR_NONEXCLUSIVE': macro redefinition
         c:\program files (x86)\windows kits\8.1\include\shared\winerror.h(50173): note: see previous definition of 'DXGI_ERROR_NONEXCLUSIVE'
     1>c:\program files (x86)\microsoft directx sdk (june 2010)\include\dxgitype.h(33): warning C4005: 'DXGI_ERROR_NOT_CURRENTLY_AVAILABLE': macro redefinition
         c:\program files (x86)\windows kits\8.1\include\shared\winerror.h(50182): note: see previous definition of 'DXGI_ERROR_NOT_CURRENTLY_AVAILABLE'
     1>c:\program files (x86)\microsoft directx sdk (june 2010)\include\dxgitype.h(34): warning C4005: 'DXGI_ERROR_REMOTE_CLIENT_DISCONNECTED': macro redefinition
         c:\program files (x86)\windows kits\8.1\include\shared\winerror.h(50192): note: see previous definition of 'DXGI_ERROR_REMOTE_CLIENT_DISCONNECTED'
     1>c:\program files (x86)\microsoft directx sdk (june 2010)\include\dxgitype.h(35): warning C4005: 'DXGI_ERROR_REMOTE_OUTOFMEMORY': macro redefinition
         c:\program files (x86)\windows kits\8.1\include\shared\winerror.h(50201): note: see previous definition of 'DXGI_ERROR_REMOTE_OUTOFMEMORY'
     1>c:\program files (x86)\microsoft directx sdk (june 2010)\include\d3d11.h(917): warning C4005: 'D3D11_ERROR_TOO_MANY_UNIQUE_STATE_OBJECTS': macro redefinition
         c:\program files (x86)\windows kits\8.1\include\shared\winerror.h(50379): note: see previous definition of 'D3D11_ERROR_TOO_MANY_UNIQUE_STATE_OBJECTS'
     1>c:\program files (x86)\microsoft directx sdk (june 2010)\include\d3d11.h(918): warning C4005: 'D3D11_ERROR_FILE_NOT_FOUND': macro redefinition
         c:\program files (x86)\windows kits\8.1\include\shared\winerror.h(50388): note: see previous definition of 'D3D11_ERROR_FILE_NOT_FOUND'
     1>c:\program files (x86)\microsoft directx sdk (june 2010)\include\d3d11.h(919): warning C4005: 'D3D11_ERROR_TOO_MANY_UNIQUE_VIEW_OBJECTS': macro redefinition
         c:\program files (x86)\windows kits\8.1\include\shared\winerror.h(50398): note: see previous definition of 'D3D11_ERROR_TOO_MANY_UNIQUE_VIEW_OBJECTS'
     1>c:\program files (x86)\microsoft directx sdk (june 2010)\include\d3d11.h(920): warning C4005: 'D3D11_ERROR_DEFERRED_CONTEXT_MAP_WITHOUT_INITIAL_DISCARD': macro redefinition
         c:\program files (x86)\windows kits\8.1\include\shared\winerror.h(50407): note: see previous definition of 'D3D11_ERROR_DEFERRED_CONTEXT_MAP_WITHOUT_INITIAL_DISCARD'
     1>c:\program files (x86)\microsoft directx sdk (june 2010)\include\d3d10.h(608): warning C4005: 'D3D10_ERROR_TOO_MANY_UNIQUE_STATE_OBJECTS': macro redefinition
         c:\program files (x86)\windows kits\8.1\include\shared\winerror.h(50355): note: see previous definition of 'D3D10_ERROR_TOO_MANY_UNIQUE_STATE_OBJECTS'
     1>c:\program files (x86)\microsoft directx sdk (june 2010)\include\d3d10.h(609): warning C4005: 'D3D10_ERROR_FILE_NOT_FOUND': macro redefinition
         c:\program files (x86)\windows kits\8.1\include\shared\winerror.h(50364): note: see previous definition of 'D3D10_ERROR_FILE_NOT_FOUND'
     1>c:\program files (x86)\microsoft directx sdk (june 2010)\include\xnamath.h(2662): warning C4838: conversion from 'unsigned int' to 'INT' requires a narrowing conversion
     1>c:\program files (x86)\microsoft directx sdk (june 2010)\include\xnamath.h(2663): warning C4838: conversion from 'unsigned int' to 'INT' requires a narrowing conversion
     1>c:\program files (x86)\microsoft directx sdk (june 2010)\include\xnamath.h(2664): warning C4838: conversion from 'unsigned int' to 'INT' requires a narrowing conversion
     1>c:\program files (x86)\microsoft directx sdk (june 2010)\include\xnamath.h(2665): warning C4838: conversion from 'unsigned int' to 'INT' requires a narrowing conversion
     1>c:\program files (x86)\microsoft directx sdk (june 2010)\include\xnamath.h(2666): warning C4838: conversion from 'unsigned int' to 'INT' requires a narrowing conversion
     1>c:\program files (x86)\microsoft directx sdk (june 2010)\include\xnamath.h(2667): warning C4838: conversion from 'unsigned int' to 'INT' requires a narrowing conversion
     1>c:\program files (x86)\microsoft directx sdk (june 2010)\include\xnamath.h(2668): warning C4838: conversion from 'unsigned int' to 'INT' requires a narrowing conversion
     1>c:\program files (x86)\microsoft directx sdk (june 2010)\include\xnamath.h(2689): warning C4838: conversion from 'unsigned int' to 'INT' requires a narrowing conversion
     1>c:\program files (x86)\microsoft directx sdk (june 2010)\include\xnamath.h(2690): warning C4838: conversion from 'unsigned int' to 'INT' requires a narrowing conversion
     1>c:\program files (x86)\microsoft directx sdk (june 2010)\include\xnamath.h(2691): warning C4838: conversion from 'unsigned int' to 'INT' requires a narrowing conversion
     1>c:\program files (x86)\microsoft directx sdk (june 2010)\include\xnamath.h(2694): warning C4838: conversion from 'unsigned int' to 'INT' requires a narrowing conversion
     1>c:\program files (x86)\microsoft directx sdk (june 2010)\include\xnamath.h(2695): warning C4838: conversion from 'unsigned int' to 'INT' requires a narrowing conversion
     1>c:\program files (x86)\microsoft directx sdk (june 2010)\include\xnamath.h(2698): warning C4838: conversion from 'unsigned int' to 'INT' requires a narrowing conversion
     1>c:\program files (x86)\microsoft directx sdk (june 2010)\include\xnamath.h(2702): warning C4838: conversion from 'unsigned int' to 'INT' requires a narrowing conversion
     1>c:\program files (x86)\microsoft directx sdk (june 2010)\include\xnamath.h(2712): warning C4838: conversion from 'unsigned int' to 'INT' requires a narrowing conversion
     1>c:\program files (x86)\microsoft directx sdk (june 2010)\include\xnamath.h(2713): warning C4838: conversion from 'unsigned int' to 'INT' requires a narrowing conversion
     1>c:\program files (x86)\microsoft directx sdk (june 2010)\include\xnamath.h(2715): warning C4838: conversion from 'unsigned int' to 'INT' requires a narrowing conversion
     1>c:\program files (x86)\microsoft directx sdk (june 2010)\include\xnamath.h(2716): warning C4838: conversion from 'unsigned int' to 'INT' requires a narrowing conversion
     1>c:\program files (x86)\microsoft directx sdk (june 2010)\include\xnamath.h(2717): warning C4838: conversion from 'unsigned int' to 'INT' requires a narrowing conversion
     1>c:\program files (x86)\microsoft directx sdk (june 2010)\include\xnamath.h(2727): warning C4838: conversion from 'unsigned int' to 'INT' requires a narrowing conversion
     1>c:\program files (x86)\microsoft directx sdk (june 2010)\include\xnamath.h(2728): warning C4838: conversion from 'unsigned int' to 'INT' requires a narrowing conversion
     1>c:\program files (x86)\microsoft directx sdk (june 2010)\include\xnamath.h(2729): warning C4838: conversion from 'unsigned int' to 'INT' requires a narrowing conversion
     1>c:\program files (x86)\microsoft directx sdk (june 2010)\include\xnamath.h(2730): warning C4838: conversion from 'unsigned int' to 'INT' requires a narrowing conversion
     1>c:\program files (x86)\microsoft directx sdk (june 2010)\include\xnamath.h(2731): warning C4838: conversion from 'unsigned int' to 'INT' requires a narrowing conversion
     1>c:\program files (x86)\microsoft directx sdk (june 2010)\include\xnamath.h(2732): warning C4838: conversion from 'unsigned int' to 'INT' requires a narrowing conversion
     1>c:\program files (x86)\microsoft directx sdk (june 2010)\include\xnamath.h(2742): warning C4838: conversion from 'unsigned int' to 'INT' requires a narrowing conversion
     1>c:\program files (x86)\microsoft directx sdk (june 2010)\include\xnamath.h(2743): warning C4838: conversion from 'unsigned int' to 'INT' requires a narrowing conversion
     1>c:\program files (x86)\microsoft directx sdk (june 2010)\include\xnamath.h(2754): warning C4838: conversion from 'unsigned int' to 'INT' requires a narrowing conversion
     1>u:\alister hartwell agp\alister hartwell agp unit\main.cpp(295): warning C4244: '=': conversion from 'UINT' to 'FLOAT', possible loss of data
     1>u:\alister hartwell agp\alister hartwell agp unit\main.cpp(296): warning C4244: '=': conversion from 'UINT' to 'FLOAT', possible loss of data
     1>u:\alister hartwell agp\alister hartwell agp unit\main.cpp(529): warning C4305: 'argument': truncation from 'double' to 'FLOAT'
       Link:
         C:\Program Files (x86)\Microsoft Visual Studio 14.0\VC\bin\link.exe /ERRORREPORT:PROMPT /OUT:"U:\Alister Hartwell AGP\Alister Hartwell AGP Unit\Debug\Alister Hartwell AGP Unit.exe" /INCREMENTAL /NOLOGO d3d11.lib d3dcompiler.lib d3dx11.lib kernel32.lib user32.lib gdi32.lib winspool.lib comdlg32.lib advapi32.lib shell32.lib ole32.lib oleaut32.lib uuid.lib odbc32.lib odbccp32.lib /MANIFEST /MANIFESTUAC:"level='asInvoker' uiAccess='false'" /manifest:embed /Debug /PDB:"U:\Alister Hartwell AGP\Alister Hartwell AGP Unit\Debug\Alister Hartwell AGP Unit.pdb" /TLBID:1 /DYNAMICBASE /NXCOMPAT /IMPLIB:"U:\Alister Hartwell AGP\Alister Hartwell AGP Unit\Debug\Alister Hartwell AGP Unit.lib" /MACHINE:X86 Debug\main.obj
         Alister Hartwell AGP Unit.vcxproj -> U:\Alister Hartwell AGP\Alister Hartwell AGP Unit\Debug\Alister Hartwell AGP Unit.exe
     1>Done Building Project "U:\Alister Hartwell AGP\Alister Hartwell AGP Unit\Alister Hartwell AGP Unit.vcxproj" (Build target(s)).

Build succeeded.

Time Elapsed 00:00:06.14
