Build started 11/10/2016 12:16:19.
     1>Project "U:\Alister Hartwell AGP\Alister Hartwell AGP Unit\Alister Hartwell AGP Unit.vcxproj" on node 2 (Build target(s)).
     1>ClCompile:
         C:\Program Files (x86)\Microsoft Visual Studio 14.0\VC\bin\CL.exe /c /ZI /nologo /W3 /WX- /sdl /Od /Oy- /D _MBCS /Gm /EHsc /RTC1 /MDd /GS /fp:precise /Zc:wchar_t /Zc:forScope /Zc:inline /Fo"Debug\\" /Fd"Debug\vc140.pdb" /Gd /TP /analyze- /errorReport:prompt main.cpp
         main.cpp
     1>u:\alister hartwell agp\directx\include\d3d11.h(917): warning C4005: 'D3D11_ERROR_TOO_MANY_UNIQUE_STATE_OBJECTS': macro redefinition
         c:\program files (x86)\windows kits\8.1\include\shared\winerror.h(50469): note: see previous definition of 'D3D11_ERROR_TOO_MANY_UNIQUE_STATE_OBJECTS'
     1>u:\alister hartwell agp\directx\include\d3d11.h(918): warning C4005: 'D3D11_ERROR_FILE_NOT_FOUND': macro redefinition
         c:\program files (x86)\windows kits\8.1\include\shared\winerror.h(50478): note: see previous definition of 'D3D11_ERROR_FILE_NOT_FOUND'
     1>u:\alister hartwell agp\directx\include\d3d11.h(919): warning C4005: 'D3D11_ERROR_TOO_MANY_UNIQUE_VIEW_OBJECTS': macro redefinition
         c:\program files (x86)\windows kits\8.1\include\shared\winerror.h(50488): note: see previous definition of 'D3D11_ERROR_TOO_MANY_UNIQUE_VIEW_OBJECTS'
     1>u:\alister hartwell agp\directx\include\d3d11.h(920): warning C4005: 'D3D11_ERROR_DEFERRED_CONTEXT_MAP_WITHOUT_INITIAL_DISCARD': macro redefinition
         c:\program files (x86)\windows kits\8.1\include\shared\winerror.h(50497): note: see previous definition of 'D3D11_ERROR_DEFERRED_CONTEXT_MAP_WITHOUT_INITIAL_DISCARD'
     1>u:\alister hartwell agp\directx\include\d3d10.h(608): warning C4005: 'D3D10_ERROR_TOO_MANY_UNIQUE_STATE_OBJECTS': macro redefinition
         c:\program files (x86)\windows kits\8.1\include\shared\winerror.h(50445): note: see previous definition of 'D3D10_ERROR_TOO_MANY_UNIQUE_STATE_OBJECTS'
     1>u:\alister hartwell agp\directx\include\d3d10.h(609): warning C4005: 'D3D10_ERROR_FILE_NOT_FOUND': macro redefinition
         c:\program files (x86)\windows kits\8.1\include\shared\winerror.h(50454): note: see previous definition of 'D3D10_ERROR_FILE_NOT_FOUND'
     1>u:\alister hartwell agp\alister hartwell agp unit\main.cpp(206): warning C4244: '=': conversion from 'UINT' to 'FLOAT', possible loss of data
     1>u:\alister hartwell agp\alister hartwell agp unit\main.cpp(207): warning C4244: '=': conversion from 'UINT' to 'FLOAT', possible loss of data
       Link:
         C:\Program Files (x86)\Microsoft Visual Studio 14.0\VC\bin\link.exe /ERRORREPORT:PROMPT /OUT:"U:\Alister Hartwell AGP\Alister Hartwell AGP Unit\Debug\Alister Hartwell AGP Unit.exe" /INCREMENTAL /NOLOGO d3d11.lib d3dcompiler.lib d3dx11.lib kernel32.lib user32.lib gdi32.lib winspool.lib comdlg32.lib advapi32.lib shell32.lib ole32.lib oleaut32.lib uuid.lib odbc32.lib odbccp32.lib /MANIFEST /MANIFESTUAC:"level='asInvoker' uiAccess='false'" /manifest:embed /Debug /PDB:"U:\Alister Hartwell AGP\Alister Hartwell AGP Unit\Debug\Alister Hartwell AGP Unit.pdb" /TLBID:1 /DYNAMICBASE /NXCOMPAT /IMPLIB:"U:\Alister Hartwell AGP\Alister Hartwell AGP Unit\Debug\Alister Hartwell AGP Unit.lib" /MACHINE:X86 Debug\main.obj
         Alister Hartwell AGP Unit.vcxproj -> U:\Alister Hartwell AGP\Alister Hartwell AGP Unit\Debug\Alister Hartwell AGP Unit.exe
     1>Done Building Project "U:\Alister Hartwell AGP\Alister Hartwell AGP Unit\Alister Hartwell AGP Unit.vcxproj" (Build target(s)).

Build succeeded.

Time Elapsed 00:00:08.71
